<?xml version="1.0" encoding="UTF-8"?>
<!-- Generated by org.testng.reporters.JUnitReportReporter -->
<testsuite skipped="0" hostname="DESKTOP-OP3HV9M" name="NewTest" tests="1" failures="0" timestamp="27 Sep 2019 08:27:46 GMT" time="9.431" errors="0">
  <testcase name="test1" time="9.431" classname="NewTest"/>
</testsuite> <!-- NewTest -->
